<?xml version="1.0" encoding="UTF-8"?>
<!-- Generated by org.testng.reporters.JUnitReportReporter -->
<testsuite hostname="ek-mm-016" failures="0" tests="1" name="com.udemy.RegistrationPageTest" time="21.785" errors="0" timestamp="2020-05-08T11:13:41 EEST" skipped="0">
  <testcase classname="com.udemy.RegistrationPageTest" name="registrationWithValidCredentials" time="21.785"/>
</testsuite> <!-- com.udemy.RegistrationPageTest -->
